
============================================================
ğŸ“Œ [ì˜¤ë¥˜ ë°œìƒ ì‹œê°]: 2025-02-10 13:45:13
============================================================
Lightroom ìë™í™” ì‹¤íŒ¨

ğŸ” [Traceback Details]:
Traceback (most recent call last):
  File "C:\Users\USER\Documents\git\km-lightroom-export-2/src\lightroom\LightroomAutomationThread.py", line 57, in run
    run_exports(lightroom=lightroom, lock_user_input=self.lock_user_input)
    ~~~~~~~~~~~^^^^^^^^^^^^^^^^^^^^^^^^^^^^^^^^^^^^^^^^^^^^^^^^^^^^^^^^^^^
  File "C:\Users\USER\Documents\git\km-lightroom-export-2/src\lightroom\exports\run_exports.py", line 71, in run_exports
    export_location(export_window=export_window, app_state=app_state)
    ~~~~~~~~~~~~~~~^^^^^^^^^^^^^^^^^^^^^^^^^^^^^^^^^^^^^^^^^^^^^^^^^^
  File "C:\Users\USER\Documents\git\km-lightroom-export-2/src\lightroom\exports\export_location\export_location.py", line 55, in export_location
    export_opt_of_window.click_input()
    ^^^^^^^^^^^^^^^^^^^^^^^^^^^^^^^^
AttributeError: 'NoneType' object has no attribute 'click_input'

============================================================


============================================================
ğŸ“Œ [ì˜¤ë¥˜ ë°œìƒ ì‹œê°]: 2025-02-10 13:49:04
============================================================
Lightroom ìë™í™” ì‹¤íŒ¨

ğŸ” [Traceback Details]:
Traceback (most recent call last):
  File "c:\Users\USER\Documents\git\km-lightroom-export-2\myenv\Lib\site-packages\pywinauto\application.py", line 250, in __resolve_control
    ctrl = wait_until_passes(
        timeout,
    ...<5 lines>...
         controls.InvalidElement),
        criteria)
  File "c:\Users\USER\Documents\git\km-lightroom-export-2\myenv\Lib\site-packages\pywinauto\timings.py", line 458, in wait_until_passes
    raise err
pywinauto.timings.TimeoutError

During handling of the above exception, another exception occurred:

Traceback (most recent call last):
  File "C:\Users\USER\Documents\git\km-lightroom-export-2/src\lightroom\LightroomAutomationThread.py", line 57, in run
    run_exports(lightroom=lightroom, lock_user_input=self.lock_user_input)
    ~~~~~~~~~~~^^^^^^^^^^^^^^^^^^^^^^^^^^^^^^^^^^^^^^^^^^^^^^^^^^^^^^^^^^^
  File "C:\Users\USER\Documents\git\km-lightroom-export-2/src\lightroom\exports\run_exports.py", line 71, in run_exports
    export_location(export_window=export_window, app_state=app_state)
    ~~~~~~~~~~~~~~~^^^^^^^^^^^^^^^^^^^^^^^^^^^^^^^^^^^^^^^^^^^^^^^^^^
  File "C:\Users\USER\Documents\git\km-lightroom-export-2/src\lightroom\exports\export_location\export_location.py", line 84, in export_location
    edit_field.set_text("")
    ^^^^^^^^^^^^^^^^^^^
  File "c:\Users\USER\Documents\git\km-lightroom-export-2\myenv\Lib\site-packages\pywinauto\application.py", line 379, in __getattribute__
    ctrls = self.__resolve_control(self.criteria)
  File "c:\Users\USER\Documents\git\km-lightroom-export-2\myenv\Lib\site-packages\pywinauto\application.py", line 261, in __resolve_control
    raise e.original_exception
  File "c:\Users\USER\Documents\git\km-lightroom-export-2\myenv\Lib\site-packages\pywinauto\timings.py", line 436, in wait_until_passes
    func_val = func(*args, **kwargs)
  File "c:\Users\USER\Documents\git\km-lightroom-export-2\myenv\Lib\site-packages\pywinauto\application.py", line 222, in __get_ctrl
    ctrl = self.backend.generic_wrapper_class(findwindows.find_element(**ctrl_criteria))
                                              ~~~~~~~~~~~~~~~~~~~~~~~~^^^^^^^^^^^^^^^^^
  File "c:\Users\USER\Documents\git\km-lightroom-export-2\myenv\Lib\site-packages\pywinauto\findwindows.py", line 87, in find_element
    raise ElementNotFoundError(kwargs)
pywinauto.findwindows.ElementNotFoundError: {'title_re': '\\d+ê°œ(?:ì˜)? íŒŒì¼ ë‚´ë³´ë‚´ê¸°', 'control_type': 'Window', 'top_level_only': False, 'enabled_only': False, 'visible_only': False, 'parent': <uia_element_info.UIAElementInfo - 'Lightroom Catalog - Adobe Photoshop Lightroom Classic - ë¼ì´ë¸ŒëŸ¬ë¦¬', AgWinMainFrame, 857552>, 'backend': 'uia'}

============================================================


============================================================
ğŸ“Œ [ì˜¤ë¥˜ ë°œìƒ ì‹œê°]: 2025-02-10 13:58:06
============================================================
Lightroom ìë™í™” ì‹¤íŒ¨

ğŸ” [Traceback Details]:
Traceback (most recent call last):
  File "c:\Users\USER\Documents\git\km-lightroom-export-2\myenv\Lib\site-packages\pywinauto\application.py", line 250, in __resolve_control
    ctrl = wait_until_passes(
        timeout,
    ...<5 lines>...
         controls.InvalidElement),
        criteria)
  File "c:\Users\USER\Documents\git\km-lightroom-export-2\myenv\Lib\site-packages\pywinauto\timings.py", line 458, in wait_until_passes
    raise err
pywinauto.timings.TimeoutError

During handling of the above exception, another exception occurred:

Traceback (most recent call last):
  File "C:\Users\USER\Documents\git\km-lightroom-export-2/src\lightroom\LightroomAutomationThread.py", line 57, in run
    run_exports(lightroom=lightroom, lock_user_input=self.lock_user_input)
    ~~~~~~~~~~~^^^^^^^^^^^^^^^^^^^^^^^^^^^^^^^^^^^^^^^^^^^^^^^^^^^^^^^^^^^
  File "C:\Users\USER\Documents\git\km-lightroom-export-2/src\lightroom\exports\run_exports.py", line 71, in run_exports
    export_location(export_window=export_window, app_state=app_state)
    ~~~~~~~~~~~~~~~^^^^^^^^^^^^^^^^^^^^^^^^^^^^^^^^^^^^^^^^^^^^^^^^^^
  File "C:\Users\USER\Documents\git\km-lightroom-export-2/src\lightroom\exports\export_location\export_location.py", line 77, in export_location
    toggle_state = check_toggle(win_specs=checkbox_sub_folder)
  File "C:\Users\USER\Documents\git\km-lightroom-export-2/src\lightroom\utils\check_toggle.py", line 5, in check_toggle
    state = win_specs.wrapper_object().get_toggle_state()
            ~~~~~~~~~~~~~~~~~~~~~~~~^^
  File "c:\Users\USER\Documents\git\km-lightroom-export-2\myenv\Lib\site-packages\pywinauto\application.py", line 267, in wrapper_object
    ctrls = self.__resolve_control(self.criteria)
  File "c:\Users\USER\Documents\git\km-lightroom-export-2\myenv\Lib\site-packages\pywinauto\application.py", line 261, in __resolve_control
    raise e.original_exception
  File "c:\Users\USER\Documents\git\km-lightroom-export-2\myenv\Lib\site-packages\pywinauto\timings.py", line 436, in wait_until_passes
    func_val = func(*args, **kwargs)
  File "c:\Users\USER\Documents\git\km-lightroom-export-2\myenv\Lib\site-packages\pywinauto\application.py", line 222, in __get_ctrl
    ctrl = self.backend.generic_wrapper_class(findwindows.find_element(**ctrl_criteria))
                                              ~~~~~~~~~~~~~~~~~~~~~~~~^^^^^^^^^^^^^^^^^
  File "c:\Users\USER\Documents\git\km-lightroom-export-2\myenv\Lib\site-packages\pywinauto\findwindows.py", line 87, in find_element
    raise ElementNotFoundError(kwargs)
pywinauto.findwindows.ElementNotFoundError: {'title_re': '\\d+ê°œ(?:ì˜)? íŒŒì¼ ë‚´ë³´ë‚´ê¸°', 'control_type': 'Window', 'top_level_only': False, 'enabled_only': False, 'visible_only': False, 'parent': <uia_element_info.UIAElementInfo - 'Lightroom Catalog - Adobe Photoshop Lightroom Classic - ë¼ì´ë¸ŒëŸ¬ë¦¬', AgWinMainFrame, 857552>, 'backend': 'uia'}

============================================================


============================================================
ğŸ“Œ [ì˜¤ë¥˜ ë°œìƒ ì‹œê°]: 2025-02-10 13:59:02
============================================================
Lightroom ìë™í™” ì‹¤íŒ¨

ğŸ” [Traceback Details]:
Traceback (most recent call last):
  File "C:\Users\USER\Documents\git\km-lightroom-export-2/src\lightroom\LightroomAutomationThread.py", line 57, in run
    run_exports(lightroom=lightroom, lock_user_input=self.lock_user_input)
    ~~~~~~~~~~~^^^^^^^^^^^^^^^^^^^^^^^^^^^^^^^^^^^^^^^^^^^^^^^^^^^^^^^^^^^
  File "C:\Users\USER\Documents\git\km-lightroom-export-2/src\lightroom\exports\run_exports.py", line 71, in run_exports
    export_location(export_window=export_window, app_state=app_state)
    ~~~~~~~~~~~~~~~^^^^^^^^^^^^^^^^^^^^^^^^^^^^^^^^^^^^^^^^^^^^^^^^^^
  File "C:\Users\USER\Documents\git\km-lightroom-export-2/src\lightroom\exports\export_location\export_location.py", line 64, in export_location
    combobox.select(TEXT_DESKTOP)
    ~~~~~~~~~~~~~~~^^^^^^^^^^^^^^
  File "c:\Users\USER\Documents\git\km-lightroom-export-2\myenv\Lib\site-packages\pywinauto\controls\uia_controls.py", line 236, in select
    self.expand()
    ~~~~~~~~~~~^^
  File "c:\Users\USER\Documents\git\km-lightroom-export-2\myenv\Lib\site-packages\pywinauto\controls\uia_controls.py", line 146, in expand
    super(ComboBoxWrapper, self).expand()
    ~~~~~~~~~~~~~~~~~~~~~~~~~~~~~~~~~~~^^
  File "c:\Users\USER\Documents\git\km-lightroom-export-2\myenv\Lib\site-packages\pywinauto\controls\uiawrapper.py", line 527, in expand
    self.iface_expand_collapse.Expand()
    ~~~~~~~~~~~~~~~~~~~~~~~~~~~~~~~~~^^
_ctypes.COMError: (-2147220992, None, (None, None, None, 0, None))

============================================================


============================================================
ğŸ“Œ [ì˜¤ë¥˜ ë°œìƒ ì‹œê°]: 2025-02-10 14:00:15
============================================================
Lightroom ìë™í™” ì‹¤íŒ¨

ğŸ” [Traceback Details]:
Traceback (most recent call last):
  File "c:\Users\USER\Documents\git\km-lightroom-export-2\myenv\Lib\site-packages\pywinauto\controls\uia_controls.py", line 238, in select
    self._select(item)
    ~~~~~~~~~~~~^^^^^^
  File "c:\Users\USER\Documents\git\km-lightroom-export-2\myenv\Lib\site-packages\pywinauto\controls\uiawrapper.py", line 678, in _select
    raise IndexError("item '{0}' not found".format(item))
IndexError: item 'íŠ¹ì • í´ë”' not found

During handling of the above exception, another exception occurred:

Traceback (most recent call last):
  File "C:\Users\USER\Documents\git\km-lightroom-export-2/src\lightroom\LightroomAutomationThread.py", line 57, in run
    run_exports(lightroom=lightroom, lock_user_input=self.lock_user_input)
    ~~~~~~~~~~~^^^^^^^^^^^^^^^^^^^^^^^^^^^^^^^^^^^^^^^^^^^^^^^^^^^^^^^^^^^
  File "C:\Users\USER\Documents\git\km-lightroom-export-2/src\lightroom\exports\run_exports.py", line 71, in run_exports
    export_location(export_window=export_window, app_state=app_state)
    ~~~~~~~~~~~~~~~^^^^^^^^^^^^^^^^^^^^^^^^^^^^^^^^^^^^^^^^^^^^^^^^^^
  File "C:\Users\USER\Documents\git\km-lightroom-export-2/src\lightroom\exports\export_location\export_location.py", line 64, in export_location
    combobox.select(TEXT_DESKTOP)
    ~~~~~~~~~~~~~~~^^^^^^^^^^^^^^
  File "c:\Users\USER\Documents\git\km-lightroom-export-2\myenv\Lib\site-packages\pywinauto\controls\uia_controls.py", line 263, in select
    raise IndexError("item '{0}' not found or can't be accessed".format(item))
IndexError: item 'íŠ¹ì • í´ë”' not found or can't be accessed

============================================================


============================================================
ğŸ“Œ [ì˜¤ë¥˜ ë°œìƒ ì‹œê°]: 2025-02-10 14:00:48
============================================================
Lightroom ìë™í™” ì‹¤íŒ¨

ğŸ” [Traceback Details]:
Traceback (most recent call last):
  File "c:\Users\USER\Documents\git\km-lightroom-export-2\myenv\Lib\site-packages\pywinauto\controls\uia_controls.py", line 238, in select
    self._select(item)
    ~~~~~~~~~~~~^^^^^^
  File "c:\Users\USER\Documents\git\km-lightroom-export-2\myenv\Lib\site-packages\pywinauto\controls\uiawrapper.py", line 678, in _select
    raise IndexError("item '{0}' not found".format(item))
IndexError: item 'íŠ¹ì • í´ë”' not found

During handling of the above exception, another exception occurred:

Traceback (most recent call last):
  File "C:\Users\USER\Documents\git\km-lightroom-export-2/src\lightroom\LightroomAutomationThread.py", line 57, in run
    run_exports(lightroom=lightroom, lock_user_input=self.lock_user_input)
    ~~~~~~~~~~~^^^^^^^^^^^^^^^^^^^^^^^^^^^^^^^^^^^^^^^^^^^^^^^^^^^^^^^^^^^
  File "C:\Users\USER\Documents\git\km-lightroom-export-2/src\lightroom\exports\run_exports.py", line 71, in run_exports
    export_location(export_window=export_window, app_state=app_state)
    ~~~~~~~~~~~~~~~^^^^^^^^^^^^^^^^^^^^^^^^^^^^^^^^^^^^^^^^^^^^^^^^^^
  File "C:\Users\USER\Documents\git\km-lightroom-export-2/src\lightroom\exports\export_location\export_location.py", line 64, in export_location
    combobox.select(TEXT_DESKTOP)
    ~~~~~~~~~~~~~~~^^^^^^^^^^^^^^
  File "c:\Users\USER\Documents\git\km-lightroom-export-2\myenv\Lib\site-packages\pywinauto\controls\uia_controls.py", line 243, in select
    children_lst[0]._select(item)
    ~~~~~~~~~~~~~~~~~~~~~~~^^^^^^
  File "c:\Users\USER\Documents\git\km-lightroom-export-2\myenv\Lib\site-packages\pywinauto\controls\uiawrapper.py", line 678, in _select
    raise IndexError("item '{0}' not found".format(item))
IndexError: item 'íŠ¹ì • í´ë”' not found

============================================================


============================================================
ğŸ“Œ [ì˜¤ë¥˜ ë°œìƒ ì‹œê°]: 2025-02-10 14:05:35
============================================================
Lightroom ì°½ ìµœëŒ€í™” ì‹¤íŒ¨

ğŸ” [Traceback Details]:
Traceback (most recent call last):
  File "C:\Users\USER\Documents\git\km-lightroom-export-2/src\lightroom\LightroomLaunchThread.py", line 80, in maximize_lightroom_window
    if re.match(pattern, window_title):
       ^^
NameError: name 're' is not defined. Did you forget to import 're'?

============================================================


============================================================
ğŸ“Œ [ì˜¤ë¥˜ ë°œìƒ ì‹œê°]: 2025-02-10 14:15:55
============================================================
Lightroom ìë™í™” ì‹¤íŒ¨

ğŸ” [Traceback Details]:
Traceback (most recent call last):
  File "c:\Users\USER\Documents\git\km-lightroom-export-2\myenv\Lib\site-packages\pywinauto\application.py", line 250, in __resolve_control
    ctrl = wait_until_passes(
        timeout,
    ...<5 lines>...
         controls.InvalidElement),
        criteria)
  File "c:\Users\USER\Documents\git\km-lightroom-export-2\myenv\Lib\site-packages\pywinauto\timings.py", line 458, in wait_until_passes
    raise err
pywinauto.timings.TimeoutError

During handling of the above exception, another exception occurred:

Traceback (most recent call last):
  File "C:\Users\USER\Documents\git\km-lightroom-export-2/src\lightroom\LightroomAutomationThread.py", line 53, in run
    run_exports(lightroom=lightroom, lock_user_input=self.lock_user_input)
    ~~~~~~~~~~~^^^^^^^^^^^^^^^^^^^^^^^^^^^^^^^^^^^^^^^^^^^^^^^^^^^^^^^^^^^
  File "C:\Users\USER\Documents\git\km-lightroom-export-2/src\lightroom\exports\run_exports.py", line 71, in run_exports
    export_location(export_window=export_window, app_state=app_state)
    ~~~~~~~~~~~~~~~^^^^^^^^^^^^^^^^^^^^^^^^^^^^^^^^^^^^^^^^^^^^^^^^^^
  File "C:\Users\USER\Documents\git\km-lightroom-export-2/src\lightroom\exports\export_location\export_location.py", line 87, in export_location
    export_opt_of_window.click_input()
    ^^^^^^^^^^^^^^^^^^^^^^^^^^^^^^^^
  File "c:\Users\USER\Documents\git\km-lightroom-export-2\myenv\Lib\site-packages\pywinauto\application.py", line 379, in __getattribute__
    ctrls = self.__resolve_control(self.criteria)
  File "c:\Users\USER\Documents\git\km-lightroom-export-2\myenv\Lib\site-packages\pywinauto\application.py", line 261, in __resolve_control
    raise e.original_exception
  File "c:\Users\USER\Documents\git\km-lightroom-export-2\myenv\Lib\site-packages\pywinauto\timings.py", line 436, in wait_until_passes
    func_val = func(*args, **kwargs)
  File "c:\Users\USER\Documents\git\km-lightroom-export-2\myenv\Lib\site-packages\pywinauto\application.py", line 222, in __get_ctrl
    ctrl = self.backend.generic_wrapper_class(findwindows.find_element(**ctrl_criteria))
                                              ~~~~~~~~~~~~~~~~~~~~~~~~^^^^^^^^^^^^^^^^^
  File "c:\Users\USER\Documents\git\km-lightroom-export-2\myenv\Lib\site-packages\pywinauto\findwindows.py", line 87, in find_element
    raise ElementNotFoundError(kwargs)
pywinauto.findwindows.ElementNotFoundError: {'title_re': '\\d+ê°œ(?:ì˜)? íŒŒì¼ ë‚´ë³´ë‚´ê¸°', 'control_type': 'Window', 'top_level_only': False, 'enabled_only': False, 'visible_only': False, 'parent': <uia_element_info.UIAElementInfo - 'Lightroom Catalog - Adobe Photoshop Lightroom Classic - ë¼ì´ë¸ŒëŸ¬ë¦¬', AgWinMainFrame, 857552>, 'backend': 'uia'}

============================================================


============================================================
ğŸ“Œ [ì˜¤ë¥˜ ë°œìƒ ì‹œê°]: 2025-02-10 14:20:01
============================================================
Lightroom ìë™í™” ì‹¤íŒ¨

ğŸ” [Traceback Details]:
Traceback (most recent call last):
  File "C:\Users\USER\Documents\git\km-lightroom-export-2/src\lightroom\LightroomAutomationThread.py", line 54, in run
    self.force_minimize_window()
    ~~~~~~~~~~~~~~~~~~~~~~~~~~^^
TypeError: LightroomAutomationThread.force_minimize_window() missing 1 required positional argument: 'lightroom_window'

============================================================


============================================================
ğŸ“Œ [ì˜¤ë¥˜ ë°œìƒ ì‹œê°]: 2025-02-10 14:29:24
============================================================
Lightroom ì°½ì„ ì°¾ì„ ìˆ˜ ì—†ìŠµë‹ˆë‹¤.

============================================================


============================================================
ğŸ“Œ [ì˜¤ë¥˜ ë°œìƒ ì‹œê°]: 2025-02-10 14:29:58
============================================================
Lightroom ìë™í™” ì‹¤íŒ¨

ğŸ” [Traceback Details]:
Traceback (most recent call last):
  File "C:\Users\USER\Documents\git\km-lightroom-export-2/src\lightroom\LightroomAutomationThread.py", line 57, in run
    run_exports(lightroom=lightroom, lock_user_input=self.lock_user_input)
    ~~~~~~~~~~~^^^^^^^^^^^^^^^^^^^^^^^^^^^^^^^^^^^^^^^^^^^^^^^^^^^^^^^^^^^
  File "C:\Users\USER\Documents\git\km-lightroom-export-2/src\lightroom\exports\run_exports.py", line 71, in run_exports
    export_location(export_window=export_window, app_state=app_state)
    ~~~~~~~~~~~~~~~^^^^^^^^^^^^^^^^^^^^^^^^^^^^^^^^^^^^^^^^^^^^^^^^^^
  File "C:\Users\USER\Documents\git\km-lightroom-export-2/src\lightroom\exports\export_location\export_location.py", line 55, in export_location
    export_opt_of_window.click_input()
    ^^^^^^^^^^^^^^^^^^^^^^^^^^^^^^^^
AttributeError: 'NoneType' object has no attribute 'click_input'

============================================================


============================================================
ğŸ“Œ [ì˜¤ë¥˜ ë°œìƒ ì‹œê°]: 2025-02-10 14:31:34
============================================================
Lightroom ìë™í™” ì‹¤íŒ¨

ğŸ” [Traceback Details]:
Traceback (most recent call last):
  File "C:\Users\USER\Documents\git\km-lightroom-export-2/src\lightroom\LightroomAutomationThread.py", line 57, in run
    run_exports(lightroom=lightroom, lock_user_input=self.lock_user_input)
    ~~~~~~~~~~~^^^^^^^^^^^^^^^^^^^^^^^^^^^^^^^^^^^^^^^^^^^^^^^^^^^^^^^^^^^
  File "C:\Users\USER\Documents\git\km-lightroom-export-2/src\lightroom\exports\run_exports.py", line 71, in run_exports
    export_location(export_window=export_window, app_state=app_state)
    ~~~~~~~~~~~~~~~^^^^^^^^^^^^^^^^^^^^^^^^^^^^^^^^^^^^^^^^^^^^^^^^^^
  File "C:\Users\USER\Documents\git\km-lightroom-export-2/src\lightroom\exports\export_location\export_location.py", line 55, in export_location
    export_opt_of_window.click_input()
    ^^^^^^^^^^^^^^^^^^^^^^^^^^^^^^^^
AttributeError: 'NoneType' object has no attribute 'click_input'

============================================================


============================================================
ğŸ“Œ [ì˜¤ë¥˜ ë°œìƒ ì‹œê°]: 2025-02-10 14:32:08
============================================================
Lightroom ìë™í™” ì‹¤íŒ¨

ğŸ” [Traceback Details]:
Traceback (most recent call last):
  File "C:\Users\USER\Documents\git\km-lightroom-export-2/src\lightroom\LightroomAutomationThread.py", line 57, in run
    run_exports(lightroom=lightroom, lock_user_input=self.lock_user_input)
    ~~~~~~~~~~~^^^^^^^^^^^^^^^^^^^^^^^^^^^^^^^^^^^^^^^^^^^^^^^^^^^^^^^^^^^
  File "C:\Users\USER\Documents\git\km-lightroom-export-2/src\lightroom\exports\run_exports.py", line 71, in run_exports
    export_location(export_window=export_window, app_state=app_state)
    ~~~~~~~~~~~~~~~^^^^^^^^^^^^^^^^^^^^^^^^^^^^^^^^^^^^^^^^^^^^^^^^^^
  File "C:\Users\USER\Documents\git\km-lightroom-export-2/src\lightroom\exports\export_location\export_location.py", line 55, in export_location
    export_opt_of_window.click_input()
    ^^^^^^^^^^^^^^^^^^^^^^^^^^^^^^^^
AttributeError: 'NoneType' object has no attribute 'click_input'

============================================================


============================================================
ğŸ“Œ [ì˜¤ë¥˜ ë°œìƒ ì‹œê°]: 2025-02-10 14:36:26
============================================================
Lightroom ì°½ì„ ì°¾ì„ ìˆ˜ ì—†ìŠµë‹ˆë‹¤.

============================================================


============================================================
ğŸ“Œ [ì˜¤ë¥˜ ë°œìƒ ì‹œê°]: 2025-02-10 17:15:49
============================================================
Lightroom ì‹¤í–‰ ì‹¤íŒ¨

ğŸ” [Traceback Details]:
Traceback (most recent call last):
  File "C:\Users\USER\Documents\git\km-lightroom-export-2/src\lightroom\LightroomLaunchThread.py", line 22, in run
    startupinfo.wShowWindow = subprocess.SW_SHOWMAXIMIZED  # âœ… ì‹¤í–‰ ì‹œ ì°½ì„ ìµœëŒ€í™”
                              ^^^^^^^^^^^^^^^^^^^^^^^^^^^
AttributeError: module 'subprocess' has no attribute 'SW_SHOWMAXIMIZED'

============================================================


============================================================
ğŸ“Œ [ì˜¤ë¥˜ ë°œìƒ ì‹œê°]: 2025-02-10 17:17:06
============================================================
Lightroom ì‹¤í–‰ ì‹¤íŒ¨

ğŸ” [Traceback Details]:
Traceback (most recent call last):
  File "C:\Users\USER\Documents\git\km-lightroom-export-2/src\lightroom\LightroomLaunchThread.py", line 22, in run
    startupinfo.wShowWindow = subprocess.SW_SHOWMAXIMIZED  # âœ… ì‹¤í–‰ ì‹œ ì°½ì„ ìµœëŒ€í™”
                              ^^^^^^^^^^^^^^^^^^^^^^^^^^^
AttributeError: module 'subprocess' has no attribute 'SW_SHOWMAXIMIZED'

============================================================


============================================================
ğŸ“Œ [ì˜¤ë¥˜ ë°œìƒ ì‹œê°]: 2025-02-10 17:17:58
============================================================
Lightroom ì‹¤í–‰ ì‹¤íŒ¨

ğŸ” [Traceback Details]:
Traceback (most recent call last):
  File "C:\Users\USER\Documents\git\km-lightroom-export-2/src\lightroom\LightroomLaunchThread.py", line 22, in run
    startupinfo.wShowWindow = subprocess.SW_SHOWMAXIMIZED  # âœ… ì‹¤í–‰ ì‹œ ì°½ì„ ìµœëŒ€í™”
                              ^^^^^^^^^^^^^^^^^^^^^^^^^^^
AttributeError: module 'subprocess' has no attribute 'SW_SHOWMAXIMIZED'

============================================================


============================================================
ğŸ“Œ [ì˜¤ë¥˜ ë°œìƒ ì‹œê°]: 2025-02-10 17:18:55
============================================================
Lightroom ì‹¤í–‰ ì‹¤íŒ¨

ğŸ” [Traceback Details]:
Traceback (most recent call last):
  File "C:\Users\USER\Documents\git\km-lightroom-export-2/src\lightroom\LightroomLaunchThread.py", line 22, in run
    startupinfo.wShowWindow = subprocess.SW_SHOWMAXIMIZED  # âœ… ì‹¤í–‰ ì‹œ ì°½ì„ ìµœëŒ€í™”
                              ^^^^^^^^^^^^^^^^^^^^^^^^^^^
AttributeError: module 'subprocess' has no attribute 'SW_SHOWMAXIMIZED'

============================================================


============================================================
ğŸ“Œ [ì˜¤ë¥˜ ë°œìƒ ì‹œê°]: 2025-02-10 17:21:40
============================================================
Lightroom ìë™í™” ì‹¤íŒ¨

ğŸ” [Traceback Details]:
Traceback (most recent call last):
  File "C:\Users\USER\Documents\git\km-lightroom-export-2/src\lightroom\LightroomAutomationThread.py", line 57, in run
    run_exports(lightroom=lightroom, lock_user_input=self.lock_user_input)
    ~~~~~~~~~~~^^^^^^^^^^^^^^^^^^^^^^^^^^^^^^^^^^^^^^^^^^^^^^^^^^^^^^^^^^^
  File "C:\Users\USER\Documents\git\km-lightroom-export-2/src\lightroom\exports\run_exports.py", line 71, in run_exports
    export_location(export_window=export_window, app_state=app_state)
    ~~~~~~~~~~~~~~~^^^^^^^^^^^^^^^^^^^^^^^^^^^^^^^^^^^^^^^^^^^^^^^^^^
  File "C:\Users\USER\Documents\git\km-lightroom-export-2/src\lightroom\exports\export_location\export_location.py", line 45, in export_location
    ) = check_export_option(win_specs=export_window, export_opt_title="ë‚´ë³´ë‚´ê¸° ìœ„ì¹˜")
        ~~~~~~~~~~~~~~~~~~~^^^^^^^^^^^^^^^^^^^^^^^^^^^^^^^^^^^^^^^^^^^^^^^^^^^^^^^^^^^
  File "C:\Users\USER\Documents\git\km-lightroom-export-2/src\lightroom\utils\check_export_option.py", line 7, in check_export_option
    collapsible_selection = win_specs.child_window(
                            ^^^^^^^^^^^^^^^^^^^^^^
AttributeError: 'NoneType' object has no attribute 'child_window'

============================================================


============================================================
ğŸ“Œ [ì˜¤ë¥˜ ë°œìƒ ì‹œê°]: 2025-02-10 17:23:51
============================================================
Lightroom ìë™í™” ì‹¤íŒ¨

ğŸ” [Traceback Details]:
Traceback (most recent call last):
  File "C:\Users\USER\Documents\git\km-lightroom-export-2/src\lightroom\LightroomAutomationThread.py", line 57, in run
    run_exports(lightroom=lightroom, lock_user_input=self.lock_user_input)
    ~~~~~~~~~~~^^^^^^^^^^^^^^^^^^^^^^^^^^^^^^^^^^^^^^^^^^^^^^^^^^^^^^^^^^^
  File "C:\Users\USER\Documents\git\km-lightroom-export-2/src\lightroom\exports\run_exports.py", line 71, in run_exports
    export_location(export_window=export_window, app_state=app_state)
    ~~~~~~~~~~~~~~~^^^^^^^^^^^^^^^^^^^^^^^^^^^^^^^^^^^^^^^^^^^^^^^^^^
  File "C:\Users\USER\Documents\git\km-lightroom-export-2/src\lightroom\exports\export_location\export_location.py", line 45, in export_location
    ) = check_export_option(win_specs=export_window, export_opt_title="ë‚´ë³´ë‚´ê¸° ìœ„ì¹˜")
        ~~~~~~~~~~~~~~~~~~~^^^^^^^^^^^^^^^^^^^^^^^^^^^^^^^^^^^^^^^^^^^^^^^^^^^^^^^^^^^
  File "C:\Users\USER\Documents\git\km-lightroom-export-2/src\lightroom\utils\check_export_option.py", line 7, in check_export_option
    collapsible_selection = win_specs.child_window(
                            ^^^^^^^^^^^^^^^^^^^^^^
AttributeError: 'NoneType' object has no attribute 'child_window'

============================================================


============================================================
ğŸ“Œ [ì˜¤ë¥˜ ë°œìƒ ì‹œê°]: 2025-02-10 17:26:57
============================================================
Lightroom ìë™í™” ì‹¤íŒ¨

ğŸ” [Traceback Details]:
Traceback (most recent call last):
  File "c:\Users\USER\Documents\git\km-lightroom-export-2\myenv\Lib\site-packages\pywinauto\application.py", line 250, in __resolve_control
    ctrl = wait_until_passes(
        timeout,
    ...<5 lines>...
         controls.InvalidElement),
        criteria)
  File "c:\Users\USER\Documents\git\km-lightroom-export-2\myenv\Lib\site-packages\pywinauto\timings.py", line 458, in wait_until_passes
    raise err
pywinauto.timings.TimeoutError

During handling of the above exception, another exception occurred:

Traceback (most recent call last):
  File "C:\Users\USER\Documents\git\km-lightroom-export-2/src\lightroom\LightroomAutomationThread.py", line 53, in run
    run_exports(lightroom=lightroom, lock_user_input=self.lock_user_input)
    ~~~~~~~~~~~^^^^^^^^^^^^^^^^^^^^^^^^^^^^^^^^^^^^^^^^^^^^^^^^^^^^^^^^^^^
  File "C:\Users\USER\Documents\git\km-lightroom-export-2/src\lightroom\exports\run_exports.py", line 73, in run_exports
    specs_filename(export_window=export_window)
    ~~~~~~~~~~~~~~^^^^^^^^^^^^^^^^^^^^^^^^^^^^^
  File "C:\Users\USER\Documents\git\km-lightroom-export-2/src\lightroom\exports\specs_filename\specs_filename.py", line 37, in specs_filename
    toggle_state = check_toggle(win_specs=checkbox)
  File "C:\Users\USER\Documents\git\km-lightroom-export-2/src\lightroom\utils\check_toggle.py", line 5, in check_toggle
    state = win_specs.wrapper_object().get_toggle_state()
            ~~~~~~~~~~~~~~~~~~~~~~~~^^
  File "c:\Users\USER\Documents\git\km-lightroom-export-2\myenv\Lib\site-packages\pywinauto\application.py", line 267, in wrapper_object
    ctrls = self.__resolve_control(self.criteria)
  File "c:\Users\USER\Documents\git\km-lightroom-export-2\myenv\Lib\site-packages\pywinauto\application.py", line 261, in __resolve_control
    raise e.original_exception
  File "c:\Users\USER\Documents\git\km-lightroom-export-2\myenv\Lib\site-packages\pywinauto\timings.py", line 436, in wait_until_passes
    func_val = func(*args, **kwargs)
  File "c:\Users\USER\Documents\git\km-lightroom-export-2\myenv\Lib\site-packages\pywinauto\application.py", line 222, in __get_ctrl
    ctrl = self.backend.generic_wrapper_class(findwindows.find_element(**ctrl_criteria))
                                              ~~~~~~~~~~~~~~~~~~~~~~~~^^^^^^^^^^^^^^^^^
  File "c:\Users\USER\Documents\git\km-lightroom-export-2\myenv\Lib\site-packages\pywinauto\findwindows.py", line 87, in find_element
    raise ElementNotFoundError(kwargs)
pywinauto.findwindows.ElementNotFoundError: {'title_re': '\\d+ê°œ(?:ì˜)? íŒŒì¼ ë‚´ë³´ë‚´ê¸°', 'control_type': 'Window', 'top_level_only': False, 'enabled_only': False, 'visible_only': False, 'parent': <uia_element_info.UIAElementInfo - 'Lightroom Catalog - Adobe Photoshop Lightroom Classic - ë¼ì´ë¸ŒëŸ¬ë¦¬', AgWinMainFrame, 1579340>, 'backend': 'uia'}

============================================================


============================================================
ğŸ“Œ [ì˜¤ë¥˜ ë°œìƒ ì‹œê°]: 2025-02-10 17:38:05
============================================================
Lightroom ìë™í™” ì‹¤íŒ¨

ğŸ” [Traceback Details]:
Traceback (most recent call last):
  File "C:\Users\USER\Documents\git\km-lightroom-export-2/src\lightroom\LightroomAutomationThread.py", line 53, in run
    run_exports(lightroom=lightroom, lock_user_input=self.lock_user_input)
    ~~~~~~~~~~~^^^^^^^^^^^^^^^^^^^^^^^^^^^^^^^^^^^^^^^^^^^^^^^^^^^^^^^^^^^
  File "C:\Users\USER\Documents\git\km-lightroom-export-2/src\lightroom\exports\run_exports.py", line 71, in run_exports
    export_location(export_window=export_window, app_state=app_state)
    ~~~~~~~~~~~~~~~^^^^^^^^^^^^^^^^^^^^^^^^^^^^^^^^^^^^^^^^^^^^^^^^^^
  File "C:\Users\USER\Documents\git\km-lightroom-export-2/src\lightroom\exports\export_location\export_location.py", line 55, in export_location
    export_opt_of_window.click_input()
    ^^^^^^^^^^^^^^^^^^^^^^^^^^^^^^^^
AttributeError: 'NoneType' object has no attribute 'click_input'

============================================================


============================================================
ğŸ“Œ [ì˜¤ë¥˜ ë°œìƒ ì‹œê°]: 2025-02-10 17:41:41
============================================================
Lightroom ìë™í™” ì‹¤íŒ¨

ğŸ” [Traceback Details]:
Traceback (most recent call last):
  File "C:\Users\USER\Documents\git\km-lightroom-export-2/src\lightroom\LightroomAutomationThread.py", line 53, in run
    run_exports(lightroom=lightroom, lock_user_input=self.lock_user_input)
    ~~~~~~~~~~~^^^^^^^^^^^^^^^^^^^^^^^^^^^^^^^^^^^^^^^^^^^^^^^^^^^^^^^^^^^
  File "C:\Users\USER\Documents\git\km-lightroom-export-2/src\lightroom\exports\run_exports.py", line 71, in run_exports
    export_location(export_window=export_window, app_state=app_state)
    ~~~~~~~~~~~~~~~^^^^^^^^^^^^^^^^^^^^^^^^^^^^^^^^^^^^^^^^^^^^^^^^^^
  File "C:\Users\USER\Documents\git\km-lightroom-export-2/src\lightroom\exports\export_location\export_location.py", line 55, in export_location
    export_opt_of_window.click_input()
    ^^^^^^^^^^^^^^^^^^^^^^^^^^^^^^^^
AttributeError: 'NoneType' object has no attribute 'click_input'

============================================================

